[debug] [2024-10-06T17:34:26.257Z] ----------------------------------------------------------------------
[debug] [2024-10-06T17:34:26.260Z] Command:       C:\Program Files\nodejs\node.exe C:\Users\Sachin\AppData\Roaming\npm\node_modules\firebase-tools\lib\bin\firebase.js init
[debug] [2024-10-06T17:34:26.260Z] CLI Version:   13.20.1
[debug] [2024-10-06T17:34:26.260Z] Platform:      win32
[debug] [2024-10-06T17:34:26.260Z] Node Version:  v20.16.0
[debug] [2024-10-06T17:34:26.260Z] Time:          Sun Oct 06 2024 23:04:26 GMT+0530 (India Standard Time)
[debug] [2024-10-06T17:34:26.260Z] ----------------------------------------------------------------------
[debug] 
[debug] [2024-10-06T17:34:26.266Z] > command requires scopes: ["email","openid","https://www.googleapis.com/auth/cloudplatformprojects.readonly","https://www.googleapis.com/auth/firebase","https://www.googleapis.com/auth/cloud-platform"]
[debug] [2024-10-06T17:34:26.267Z] > authorizing via signed-in user (sachinsingh16404@gmail.com)
[info] 
     ######## #### ########  ######## ########     ###     ######  ########
     ##        ##  ##     ## ##       ##     ##  ##   ##  ##       ##
     ######    ##  ########  ######   ########  #########  ######  ######
     ##        ##  ##    ##  ##       ##     ## ##     ##       ## ##
     ##       #### ##     ## ######## ########  ##     ##  ######  ########

You're about to initialize a Firebase project in this directory:

  E:\development\CodeHelp\React\mood-show

[info] 
=== Project Setup
[info] 
[info] First, let's associate this project directory with a Firebase project.
[info] You can create multiple project aliases by running firebase use --add, 
[info] but for now we'll just set up a default project.
[info] 
[debug] [2024-10-06T17:34:54.230Z] Checked if tokens are valid: false, expires at: 1727530899813
[debug] [2024-10-06T17:34:54.230Z] Checked if tokens are valid: false, expires at: 1727530899813
[debug] [2024-10-06T17:34:54.231Z] > refreshing access token with scopes: []
[debug] [2024-10-06T17:34:54.233Z] >>> [apiv2][query] POST https://www.googleapis.com/oauth2/v3/token [none]
[debug] [2024-10-06T17:34:54.233Z] >>> [apiv2][body] POST https://www.googleapis.com/oauth2/v3/token [omitted]
[debug] [2024-10-06T17:34:54.762Z] <<< [apiv2][status] POST https://www.googleapis.com/oauth2/v3/token 200
[debug] [2024-10-06T17:34:54.762Z] <<< [apiv2][body] POST https://www.googleapis.com/oauth2/v3/token [omitted]
[debug] [2024-10-06T17:34:54.771Z] >>> [apiv2][query] GET https://firebase.googleapis.com/v1beta1/projects pageSize=100
[debug] [2024-10-06T17:34:55.783Z] <<< [apiv2][status] GET https://firebase.googleapis.com/v1beta1/projects 200
[debug] [2024-10-06T17:34:55.783Z] <<< [apiv2][body] GET https://firebase.googleapis.com/v1beta1/projects [omitted]
[info] i  Using project mood-show (mood-show) 
[info] 
=== Hosting Setup
[debug] [2024-10-06T17:34:57.726Z] Checked if tokens are valid: true, expires at: 1728239693762
[debug] [2024-10-06T17:34:57.727Z] Checked if tokens are valid: true, expires at: 1728239693762
[debug] [2024-10-06T17:34:57.727Z] >>> [apiv2][query] GET https://firebase.googleapis.com/v1beta1/projects/mood-show [none]
[debug] [2024-10-06T17:34:58.344Z] <<< [apiv2][status] GET https://firebase.googleapis.com/v1beta1/projects/mood-show 200
[debug] [2024-10-06T17:34:58.344Z] <<< [apiv2][body] GET https://firebase.googleapis.com/v1beta1/projects/mood-show {"projectId":"mood-show","projectNumber":"715443648617","displayName":"mood-show","name":"projects/mood-show","resources":{"hostingSite":"mood-show"},"state":"ACTIVE","etag":"1_ae5fb5cc-4c26-4898-92fc-d8e53e664a12"}
[info] 
[info] Your public directory is the folder (relative to your project directory) that
[info] will contain Hosting assets to be uploaded with firebase deploy. If you
[info] have a build process for your assets, use your build's output directory.
[info] 
[debug] [2024-10-06T17:35:25.692Z] >>> [apiv2][query] GET https://www.gstatic.com/firebasejs/releases.json [none]
[debug] [2024-10-06T17:35:26.048Z] <<< [apiv2][status] GET https://www.gstatic.com/firebasejs/releases.json 200
[debug] [2024-10-06T17:35:26.048Z] <<< [apiv2][body] GET https://www.gstatic.com/firebasejs/releases.json {"current":{"version":"10.14.0","browserURL":"https://www.gstatic.com/firebasejs/10.14.0/firebase.js","packageURL":"https://www.gstatic.com/firebasejs/10.14.0/firebase.tgz"},"live":{"version":"10.14","browserURL":"https://www.gstatic.com/firebasejs/live/10.14/firebase.js","packageURL":"https://www.gstatic.com/firebasejs/live/10.14/firebase.tgz"},"components":{"analytics":"https://www.gstatic.com/firebasejs/10.14.0/firebase-analytics.js","app":"https://www.gstatic.com/firebasejs/10.14.0/firebase-app.js","app-check":"https://www.gstatic.com/firebasejs/10.14.0/firebase-app-check.js","auth":"https://www.gstatic.com/firebasejs/10.14.0/firebase-auth.js","auth/cordova":"https://www.gstatic.com/firebasejs/10.14.0/firebase-auth/cordova.js","auth/web-extension":"https://www.gstatic.com/firebasejs/10.14.0/firebase-auth/web-extension.js","functions":"https://www.gstatic.com/firebasejs/10.14.0/firebase-functions.js","firestore":"https://www.gstatic.com/firebasejs/10.14.0/firebase-firestore.js","firestore/lite":"https://www.gstatic.com/firebasejs/10.14.0/firebase-firestore/lite.js","installations":"https://www.gstatic.com/firebasejs/10.14.0/firebase-installations.js","storage":"https://www.gstatic.com/firebasejs/10.14.0/firebase-storage.js","performance":"https://www.gstatic.com/firebasejs/10.14.0/firebase-performance.js","remote-config":"https://www.gstatic.com/firebasejs/10.14.0/firebase-remote-config.js","messaging":"https://www.gstatic.com/firebasejs/10.14.0/firebase-messaging.js","messaging/sw":"https://www.gstatic.com/firebasejs/10.14.0/firebase-messaging/sw.js","database":"https://www.gstatic.com/firebasejs/10.14.0/firebase-database.js","data-connect":"https://www.gstatic.com/firebasejs/10.14.0/firebase-data-connect.js","vertexai-preview":"https://www.gstatic.com/firebasejs/10.14.0/firebase-vertexai-preview.js","firestore.memory":"https://www.gstatic.com/firebasejs/10.14.0/firebase-firestore.memory.js"}}
[info] i  Skipping write of public/index.html 
[info] 
[info] i  Detected a .git folder at E:\development\CodeHelp\React\mood-show 
[info] i  Authorizing with GitHub to upload your service account to a GitHub repository's secrets store. 
[info] 
[info] Visit this URL on this device to log in:
[info] https://github.com/login/oauth/authorize?client_id=89cf50f02ac6aaed3484&state=32793549&redirect_uri=http%3A%2F%2Flocalhost%3A9005&scope=read%3Auser%20repo%20public_repo
[info] 
[info] Waiting for authentication...
